<?xml version="1.0" encoding="UTF-8"?>
<!-- Generated by org.testng.reporters.JUnitReportReporter -->
<testsuite skipped="0" hostname="osboxes" name="com.cardinal.core.OpenandCloseBrowser" tests="1" failures="0" timestamp="03 Jan 2019 07:42:53 GMT" time="1.003" errors="0">
  <testcase name="test1" time="1.003" classname="com.cardinal.core.OpenandCloseBrowser"/>
</testsuite> <!-- com.cardinal.core.OpenandCloseBrowser -->
