<?xml version="1.0" encoding="UTF-8"?>
<!-- Generated by org.testng.reporters.JUnitReportReporter -->
<testsuite skipped="0" hostname="DDC2-D-6PGR9B2" name="com.cardinal.core.CommanFunctions$SimpleTest" tests="4" failures="0" timestamp="20 Dec 2018 12:00:50 GMT" time="0.024" errors="0">
  <testcase name="testMethodOne" time="0.005" classname="com.cardinal.core.CommanFunctions$SimpleTest"/>
  <testcase name="testMethodTwo" time="0.002" classname="com.cardinal.core.CommanFunctions$SimpleTest"/>
  <testcase name="testMethodTwo" time="0.003" classname="com.cardinal.core.CommanFunctions$SimpleTest"/>
  <testcase name="testMethodOne" time="0.014" classname="com.cardinal.core.CommanFunctions$SimpleTest"/>
</testsuite> <!-- com.cardinal.core.CommanFunctions$SimpleTest -->
