<?xml version="1.0" encoding="UTF-8"?>
<!-- Generated by org.testng.reporters.JUnitReportReporter -->
<testsuite skipped="0" hostname="DDC2-D-6PGR9B2" name="com.cardinal.core.OpenandCloseBrowser" tests="1" failures="0" timestamp="28 Dec 2018 11:11:25 GMT" time="0.226" errors="0">
  <testcase name="test1" time="0.226" classname="com.cardinal.core.OpenandCloseBrowser"/>
</testsuite> <!-- com.cardinal.core.OpenandCloseBrowser -->
